/home/ubuntu/miniconda3/envs/diffusion_forcing/lib/python3.10/site-packages/hydra/_internal/defaults_list.py:251: UserWarning: In 'config': Defaults list is missing `_self_`. See https://hydra.cc/docs/1.2/upgrades/1.0_to_1.1/default_composition_order for more information
  warnings.warn(msg, UserWarning)
/home/ubuntu/miniconda3/envs/diffusion_forcing/lib/python3.10/site-packages/lightning/fabric/__init__.py:40: pkg_resources is deprecated as an API. See https://setuptools.pypa.io/en/latest/pkg_resources.html. The pkg_resources package is slated for removal as early as 2025-11-30. Refrain from using this package or pin to Setuptools<81.
[2025-12-05 00:41:43,976][torch.distributed.nn.jit.instantiator][INFO] - Created a temporary directory at /tmp/tmp1g9v482v
[2025-12-05 00:41:43,977][torch.distributed.nn.jit.instantiator][INFO] - Writing /tmp/tmp1g9v482v/_remote_module_non_scriptable.py
Loaded algorithm weights from: outputs/2025-11-07/05-10-26/checkpoints/epoch=13-step=1400.ckpt
[2025-12-05 00:41:45,609][root][INFO] - using dataset already processed in path /home/ubuntu/.gluonts/datasets/exchange_rate_nips.
[2025-12-05 00:41:45,633][root][INFO] - first/last timestamp found: 1990-01-01/2013-04-08
[2025-12-05 00:41:45,633][root][INFO] - group training time series to datasets
[2025-12-05 00:41:45,663][root][INFO] - using dataset already processed in path /home/ubuntu/.gluonts/datasets/exchange_rate_nips.
[2025-12-05 00:41:45,683][root][INFO] - first/last timestamp found: 1990-01-01/2013-04-08
[2025-12-05 00:41:45,683][root][INFO] - group training time series to datasets
/home/ubuntu/diffusion-forcing-scheduling-timeseries/datasets/timeseries/gluonts_dataset.py:206: FutureWarning: Period with BDay freq is deprecated and will be removed in a future version. Use a DatetimeIndex with BDay freq instead.
  "start": data[0]["start"] + get_time_delta(start),
[2025-12-05 00:41:45,710][root][INFO] - using dataset already processed in path /home/ubuntu/.gluonts/datasets/exchange_rate_nips.
[2025-12-05 00:41:45,810][root][INFO] - first/last timestamp found: 1990-01-01/2013-11-04
[2025-12-05 00:41:45,810][root][INFO] - group test time series to datasets
Will run 3 epochs
saved a fig in  /home/ubuntu/diffusion-forcing-scheduling-timeseries/outputs/2025-12-05/00-41-37/images_avg/epoch_0_batch_0.png
Saved GIF to /home/ubuntu/diffusion-forcing-scheduling-timeseries/outputs/2025-12-05/00-41-37/images_dist/epoch_0_batch_0.gif
Saved renoise-frequency heatmap to: /home/ubuntu/diffusion-forcing-scheduling-timeseries/outputs/2025-12-05/00-41-37/images_renoise_freq/renoise_freq_epoch_0_batch_0.png
saved a fig in  /home/ubuntu/diffusion-forcing-scheduling-timeseries/outputs/2025-12-05/00-41-37/images_avg/epoch_0_batch_10.png
Saved GIF to /home/ubuntu/diffusion-forcing-scheduling-timeseries/outputs/2025-12-05/00-41-37/images_dist/epoch_0_batch_10.gif
Saved renoise-frequency heatmap to: /home/ubuntu/diffusion-forcing-scheduling-timeseries/outputs/2025-12-05/00-41-37/images_renoise_freq/renoise_freq_epoch_0_batch_10.png
saved a fig in  /home/ubuntu/diffusion-forcing-scheduling-timeseries/outputs/2025-12-05/00-41-37/images_avg/epoch_0_batch_20.png
Saved GIF to /home/ubuntu/diffusion-forcing-scheduling-timeseries/outputs/2025-12-05/00-41-37/images_dist/epoch_0_batch_20.gif
Saved renoise-frequency heatmap to: /home/ubuntu/diffusion-forcing-scheduling-timeseries/outputs/2025-12-05/00-41-37/images_renoise_freq/renoise_freq_epoch_0_batch_20.png
saved a fig in  /home/ubuntu/diffusion-forcing-scheduling-timeseries/outputs/2025-12-05/00-41-37/images_avg/epoch_0_batch_30.png
Saved GIF to /home/ubuntu/diffusion-forcing-scheduling-timeseries/outputs/2025-12-05/00-41-37/images_dist/epoch_0_batch_30.gif
Saved renoise-frequency heatmap to: /home/ubuntu/diffusion-forcing-scheduling-timeseries/outputs/2025-12-05/00-41-37/images_renoise_freq/renoise_freq_epoch_0_batch_30.png
saved a fig in  /home/ubuntu/diffusion-forcing-scheduling-timeseries/outputs/2025-12-05/00-41-37/images_avg/epoch_0_batch_40.png
Saved GIF to /home/ubuntu/diffusion-forcing-scheduling-timeseries/outputs/2025-12-05/00-41-37/images_dist/epoch_0_batch_40.gif
Saved renoise-frequency heatmap to: /home/ubuntu/diffusion-forcing-scheduling-timeseries/outputs/2025-12-05/00-41-37/images_renoise_freq/renoise_freq_epoch_0_batch_40.png
saved a fig in  /home/ubuntu/diffusion-forcing-scheduling-timeseries/outputs/2025-12-05/00-41-37/images_avg/epoch_0_batch_50.png
Saved GIF to /home/ubuntu/diffusion-forcing-scheduling-timeseries/outputs/2025-12-05/00-41-37/images_dist/epoch_0_batch_50.gif
Saved renoise-frequency heatmap to: /home/ubuntu/diffusion-forcing-scheduling-timeseries/outputs/2025-12-05/00-41-37/images_renoise_freq/renoise_freq_epoch_0_batch_50.png
saved a fig in  /home/ubuntu/diffusion-forcing-scheduling-timeseries/outputs/2025-12-05/00-41-37/images_avg/epoch_0_batch_60.png
Saved GIF to /home/ubuntu/diffusion-forcing-scheduling-timeseries/outputs/2025-12-05/00-41-37/images_dist/epoch_0_batch_60.gif
Saved renoise-frequency heatmap to: /home/ubuntu/diffusion-forcing-scheduling-timeseries/outputs/2025-12-05/00-41-37/images_renoise_freq/renoise_freq_epoch_0_batch_60.png
saved a fig in  /home/ubuntu/diffusion-forcing-scheduling-timeseries/outputs/2025-12-05/00-41-37/images_avg/epoch_0_batch_70.png
Saved GIF to /home/ubuntu/diffusion-forcing-scheduling-timeseries/outputs/2025-12-05/00-41-37/images_dist/epoch_0_batch_70.gif
Saved renoise-frequency heatmap to: /home/ubuntu/diffusion-forcing-scheduling-timeseries/outputs/2025-12-05/00-41-37/images_renoise_freq/renoise_freq_epoch_0_batch_70.png
saved a fig in  /home/ubuntu/diffusion-forcing-scheduling-timeseries/outputs/2025-12-05/00-41-37/images_avg/epoch_0_batch_80.png
Saved GIF to /home/ubuntu/diffusion-forcing-scheduling-timeseries/outputs/2025-12-05/00-41-37/images_dist/epoch_0_batch_80.gif
Saved renoise-frequency heatmap to: /home/ubuntu/diffusion-forcing-scheduling-timeseries/outputs/2025-12-05/00-41-37/images_renoise_freq/renoise_freq_epoch_0_batch_80.png
saved a fig in  /home/ubuntu/diffusion-forcing-scheduling-timeseries/outputs/2025-12-05/00-41-37/images_avg/epoch_0_batch_90.png
Saved GIF to /home/ubuntu/diffusion-forcing-scheduling-timeseries/outputs/2025-12-05/00-41-37/images_dist/epoch_0_batch_90.gif
Saved renoise-frequency heatmap to: /home/ubuntu/diffusion-forcing-scheduling-timeseries/outputs/2025-12-05/00-41-37/images_renoise_freq/renoise_freq_epoch_0_batch_90.png
Train
End of epoch 0 avg MSE loss:  0.07504151850938796
End of epoch 0 avg total policy loss:  0.5489661307632923
Val
End of epoch 0 CRPS score:  0.4072515070438385
End of epoch 0 MSE loss:  0.09932047873735428
End of epoch 0 total policy loss:  0.7847662568092346

Multiply denoise bonus
saved a fig in  /home/ubuntu/diffusion-forcing-scheduling-timeseries/outputs/2025-12-05/00-41-37/images_avg/epoch_1_batch_0.png
Saved GIF to /home/ubuntu/diffusion-forcing-scheduling-timeseries/outputs/2025-12-05/00-41-37/images_dist/epoch_1_batch_0.gif
Saved renoise-frequency heatmap to: /home/ubuntu/diffusion-forcing-scheduling-timeseries/outputs/2025-12-05/00-41-37/images_renoise_freq/renoise_freq_epoch_1_batch_0.png
saved a fig in  /home/ubuntu/diffusion-forcing-scheduling-timeseries/outputs/2025-12-05/00-41-37/images_avg/epoch_1_batch_10.png
Saved GIF to /home/ubuntu/diffusion-forcing-scheduling-timeseries/outputs/2025-12-05/00-41-37/images_dist/epoch_1_batch_10.gif
Saved renoise-frequency heatmap to: /home/ubuntu/diffusion-forcing-scheduling-timeseries/outputs/2025-12-05/00-41-37/images_renoise_freq/renoise_freq_epoch_1_batch_10.png
saved a fig in  /home/ubuntu/diffusion-forcing-scheduling-timeseries/outputs/2025-12-05/00-41-37/images_avg/epoch_1_batch_20.png
Saved GIF to /home/ubuntu/diffusion-forcing-scheduling-timeseries/outputs/2025-12-05/00-41-37/images_dist/epoch_1_batch_20.gif
Saved renoise-frequency heatmap to: /home/ubuntu/diffusion-forcing-scheduling-timeseries/outputs/2025-12-05/00-41-37/images_renoise_freq/renoise_freq_epoch_1_batch_20.png
saved a fig in  /home/ubuntu/diffusion-forcing-scheduling-timeseries/outputs/2025-12-05/00-41-37/images_avg/epoch_1_batch_30.png
Saved GIF to /home/ubuntu/diffusion-forcing-scheduling-timeseries/outputs/2025-12-05/00-41-37/images_dist/epoch_1_batch_30.gif
Saved renoise-frequency heatmap to: /home/ubuntu/diffusion-forcing-scheduling-timeseries/outputs/2025-12-05/00-41-37/images_renoise_freq/renoise_freq_epoch_1_batch_30.png
saved a fig in  /home/ubuntu/diffusion-forcing-scheduling-timeseries/outputs/2025-12-05/00-41-37/images_avg/epoch_1_batch_40.png
Saved GIF to /home/ubuntu/diffusion-forcing-scheduling-timeseries/outputs/2025-12-05/00-41-37/images_dist/epoch_1_batch_40.gif
Saved renoise-frequency heatmap to: /home/ubuntu/diffusion-forcing-scheduling-timeseries/outputs/2025-12-05/00-41-37/images_renoise_freq/renoise_freq_epoch_1_batch_40.png
saved a fig in  /home/ubuntu/diffusion-forcing-scheduling-timeseries/outputs/2025-12-05/00-41-37/images_avg/epoch_1_batch_50.png
Saved GIF to /home/ubuntu/diffusion-forcing-scheduling-timeseries/outputs/2025-12-05/00-41-37/images_dist/epoch_1_batch_50.gif
Saved renoise-frequency heatmap to: /home/ubuntu/diffusion-forcing-scheduling-timeseries/outputs/2025-12-05/00-41-37/images_renoise_freq/renoise_freq_epoch_1_batch_50.png
saved a fig in  /home/ubuntu/diffusion-forcing-scheduling-timeseries/outputs/2025-12-05/00-41-37/images_avg/epoch_1_batch_60.png
Saved GIF to /home/ubuntu/diffusion-forcing-scheduling-timeseries/outputs/2025-12-05/00-41-37/images_dist/epoch_1_batch_60.gif
Saved renoise-frequency heatmap to: /home/ubuntu/diffusion-forcing-scheduling-timeseries/outputs/2025-12-05/00-41-37/images_renoise_freq/renoise_freq_epoch_1_batch_60.png
saved a fig in  /home/ubuntu/diffusion-forcing-scheduling-timeseries/outputs/2025-12-05/00-41-37/images_avg/epoch_1_batch_70.png
Saved GIF to /home/ubuntu/diffusion-forcing-scheduling-timeseries/outputs/2025-12-05/00-41-37/images_dist/epoch_1_batch_70.gif
Saved renoise-frequency heatmap to: /home/ubuntu/diffusion-forcing-scheduling-timeseries/outputs/2025-12-05/00-41-37/images_renoise_freq/renoise_freq_epoch_1_batch_70.png
saved a fig in  /home/ubuntu/diffusion-forcing-scheduling-timeseries/outputs/2025-12-05/00-41-37/images_avg/epoch_1_batch_80.png
Saved GIF to /home/ubuntu/diffusion-forcing-scheduling-timeseries/outputs/2025-12-05/00-41-37/images_dist/epoch_1_batch_80.gif
Saved renoise-frequency heatmap to: /home/ubuntu/diffusion-forcing-scheduling-timeseries/outputs/2025-12-05/00-41-37/images_renoise_freq/renoise_freq_epoch_1_batch_80.png
saved a fig in  /home/ubuntu/diffusion-forcing-scheduling-timeseries/outputs/2025-12-05/00-41-37/images_avg/epoch_1_batch_90.png
Saved GIF to /home/ubuntu/diffusion-forcing-scheduling-timeseries/outputs/2025-12-05/00-41-37/images_dist/epoch_1_batch_90.gif
Saved renoise-frequency heatmap to: /home/ubuntu/diffusion-forcing-scheduling-timeseries/outputs/2025-12-05/00-41-37/images_renoise_freq/renoise_freq_epoch_1_batch_90.png
Train
End of epoch 1 avg MSE loss:  0.0404872422106564
End of epoch 1 avg total policy loss:  0.5800228083133697
Val
End of epoch 1 CRPS score:  0.269467830657959
End of epoch 1 MSE loss:  0.05297644063830376
End of epoch 1 total policy loss:  0.3266306519508362

Multiply denoise bonus
saved a fig in  /home/ubuntu/diffusion-forcing-scheduling-timeseries/outputs/2025-12-05/00-41-37/images_avg/epoch_2_batch_0.png
Saved GIF to /home/ubuntu/diffusion-forcing-scheduling-timeseries/outputs/2025-12-05/00-41-37/images_dist/epoch_2_batch_0.gif
Saved renoise-frequency heatmap to: /home/ubuntu/diffusion-forcing-scheduling-timeseries/outputs/2025-12-05/00-41-37/images_renoise_freq/renoise_freq_epoch_2_batch_0.png
saved a fig in  /home/ubuntu/diffusion-forcing-scheduling-timeseries/outputs/2025-12-05/00-41-37/images_avg/epoch_2_batch_10.png
Saved GIF to /home/ubuntu/diffusion-forcing-scheduling-timeseries/outputs/2025-12-05/00-41-37/images_dist/epoch_2_batch_10.gif
Saved renoise-frequency heatmap to: /home/ubuntu/diffusion-forcing-scheduling-timeseries/outputs/2025-12-05/00-41-37/images_renoise_freq/renoise_freq_epoch_2_batch_10.png
saved a fig in  /home/ubuntu/diffusion-forcing-scheduling-timeseries/outputs/2025-12-05/00-41-37/images_avg/epoch_2_batch_20.png
Saved GIF to /home/ubuntu/diffusion-forcing-scheduling-timeseries/outputs/2025-12-05/00-41-37/images_dist/epoch_2_batch_20.gif
Saved renoise-frequency heatmap to: /home/ubuntu/diffusion-forcing-scheduling-timeseries/outputs/2025-12-05/00-41-37/images_renoise_freq/renoise_freq_epoch_2_batch_20.png
saved a fig in  /home/ubuntu/diffusion-forcing-scheduling-timeseries/outputs/2025-12-05/00-41-37/images_avg/epoch_2_batch_30.png
Saved GIF to /home/ubuntu/diffusion-forcing-scheduling-timeseries/outputs/2025-12-05/00-41-37/images_dist/epoch_2_batch_30.gif
Saved renoise-frequency heatmap to: /home/ubuntu/diffusion-forcing-scheduling-timeseries/outputs/2025-12-05/00-41-37/images_renoise_freq/renoise_freq_epoch_2_batch_30.png
saved a fig in  /home/ubuntu/diffusion-forcing-scheduling-timeseries/outputs/2025-12-05/00-41-37/images_avg/epoch_2_batch_40.png
Saved GIF to /home/ubuntu/diffusion-forcing-scheduling-timeseries/outputs/2025-12-05/00-41-37/images_dist/epoch_2_batch_40.gif
Saved renoise-frequency heatmap to: /home/ubuntu/diffusion-forcing-scheduling-timeseries/outputs/2025-12-05/00-41-37/images_renoise_freq/renoise_freq_epoch_2_batch_40.png
saved a fig in  /home/ubuntu/diffusion-forcing-scheduling-timeseries/outputs/2025-12-05/00-41-37/images_avg/epoch_2_batch_50.png
Saved GIF to /home/ubuntu/diffusion-forcing-scheduling-timeseries/outputs/2025-12-05/00-41-37/images_dist/epoch_2_batch_50.gif
Saved renoise-frequency heatmap to: /home/ubuntu/diffusion-forcing-scheduling-timeseries/outputs/2025-12-05/00-41-37/images_renoise_freq/renoise_freq_epoch_2_batch_50.png
saved a fig in  /home/ubuntu/diffusion-forcing-scheduling-timeseries/outputs/2025-12-05/00-41-37/images_avg/epoch_2_batch_60.png
Saved GIF to /home/ubuntu/diffusion-forcing-scheduling-timeseries/outputs/2025-12-05/00-41-37/images_dist/epoch_2_batch_60.gif
Saved renoise-frequency heatmap to: /home/ubuntu/diffusion-forcing-scheduling-timeseries/outputs/2025-12-05/00-41-37/images_renoise_freq/renoise_freq_epoch_2_batch_60.png
saved a fig in  /home/ubuntu/diffusion-forcing-scheduling-timeseries/outputs/2025-12-05/00-41-37/images_avg/epoch_2_batch_70.png
Saved GIF to /home/ubuntu/diffusion-forcing-scheduling-timeseries/outputs/2025-12-05/00-41-37/images_dist/epoch_2_batch_70.gif
Saved renoise-frequency heatmap to: /home/ubuntu/diffusion-forcing-scheduling-timeseries/outputs/2025-12-05/00-41-37/images_renoise_freq/renoise_freq_epoch_2_batch_70.png
saved a fig in  /home/ubuntu/diffusion-forcing-scheduling-timeseries/outputs/2025-12-05/00-41-37/images_avg/epoch_2_batch_80.png
Saved GIF to /home/ubuntu/diffusion-forcing-scheduling-timeseries/outputs/2025-12-05/00-41-37/images_dist/epoch_2_batch_80.gif
Saved renoise-frequency heatmap to: /home/ubuntu/diffusion-forcing-scheduling-timeseries/outputs/2025-12-05/00-41-37/images_renoise_freq/renoise_freq_epoch_2_batch_80.png
saved a fig in  /home/ubuntu/diffusion-forcing-scheduling-timeseries/outputs/2025-12-05/00-41-37/images_avg/epoch_2_batch_90.png
Saved GIF to /home/ubuntu/diffusion-forcing-scheduling-timeseries/outputs/2025-12-05/00-41-37/images_dist/epoch_2_batch_90.gif
Saved renoise-frequency heatmap to: /home/ubuntu/diffusion-forcing-scheduling-timeseries/outputs/2025-12-05/00-41-37/images_renoise_freq/renoise_freq_epoch_2_batch_90.png
Train
End of epoch 2 avg MSE loss:  0.03489541381597519
End of epoch 2 avg total policy loss:  0.4116420537233353
Val
End of epoch 2 CRPS score:  0.22946354746818542
End of epoch 2 MSE loss:  0.03709898144006729
End of epoch 2 total policy loss:  0.2308843433856964

Multiply denoise bonus
Test
End CRPS score:  0.22946354746818542
End MSE loss:  0.03709898144006729
End total policy loss:  0.2308843433856964

