/home/ubuntu/miniconda3/envs/diffusion_forcing/lib/python3.10/site-packages/hydra/_internal/defaults_list.py:251: UserWarning: In 'config': Defaults list is missing `_self_`. See https://hydra.cc/docs/1.2/upgrades/1.0_to_1.1/default_composition_order for more information
  warnings.warn(msg, UserWarning)
/home/ubuntu/miniconda3/envs/diffusion_forcing/lib/python3.10/site-packages/lightning/fabric/__init__.py:40: pkg_resources is deprecated as an API. See https://setuptools.pypa.io/en/latest/pkg_resources.html. The pkg_resources package is slated for removal as early as 2025-11-30. Refrain from using this package or pin to Setuptools<81.
[2025-12-05 06:05:52,718][torch.distributed.nn.jit.instantiator][INFO] - Created a temporary directory at /tmp/tmp_imre9ok
[2025-12-05 06:05:52,719][torch.distributed.nn.jit.instantiator][INFO] - Writing /tmp/tmp_imre9ok/_remote_module_non_scriptable.py
Loaded algorithm weights from: outputs/2025-11-07/05-10-26/checkpoints/epoch=13-step=1400.ckpt
[2025-12-05 06:05:54,417][root][INFO] - using dataset already processed in path /home/ubuntu/.gluonts/datasets/exchange_rate_nips.
[2025-12-05 06:05:54,440][root][INFO] - first/last timestamp found: 1990-01-01/2013-04-08
[2025-12-05 06:05:54,441][root][INFO] - group training time series to datasets
[2025-12-05 06:05:54,471][root][INFO] - using dataset already processed in path /home/ubuntu/.gluonts/datasets/exchange_rate_nips.
[2025-12-05 06:05:54,492][root][INFO] - first/last timestamp found: 1990-01-01/2013-04-08
[2025-12-05 06:05:54,492][root][INFO] - group training time series to datasets
/home/ubuntu/diffusion-forcing-scheduling-timeseries/datasets/timeseries/gluonts_dataset.py:206: FutureWarning: Period with BDay freq is deprecated and will be removed in a future version. Use a DatetimeIndex with BDay freq instead.
  "start": data[0]["start"] + get_time_delta(start),
[2025-12-05 06:05:54,520][root][INFO] - using dataset already processed in path /home/ubuntu/.gluonts/datasets/exchange_rate_nips.
[2025-12-05 06:05:54,623][root][INFO] - first/last timestamp found: 1990-01-01/2013-11-04
[2025-12-05 06:05:54,623][root][INFO] - group test time series to datasets
Will run 3 epochs
saved a fig in  /home/ubuntu/diffusion-forcing-scheduling-timeseries/outputs/2025-12-05/06-05-46/images_avg/epoch_0_batch_0.png
Saved GIF to /home/ubuntu/diffusion-forcing-scheduling-timeseries/outputs/2025-12-05/06-05-46/images_dist/epoch_0_batch_0.gif
Saved renoise-frequency heatmap to: /home/ubuntu/diffusion-forcing-scheduling-timeseries/outputs/2025-12-05/06-05-46/images_renoise_freq/renoise_freq_epoch_0_batch_0.png
saved a fig in  /home/ubuntu/diffusion-forcing-scheduling-timeseries/outputs/2025-12-05/06-05-46/images_avg/epoch_0_batch_10.png
Saved GIF to /home/ubuntu/diffusion-forcing-scheduling-timeseries/outputs/2025-12-05/06-05-46/images_dist/epoch_0_batch_10.gif
Saved renoise-frequency heatmap to: /home/ubuntu/diffusion-forcing-scheduling-timeseries/outputs/2025-12-05/06-05-46/images_renoise_freq/renoise_freq_epoch_0_batch_10.png
saved a fig in  /home/ubuntu/diffusion-forcing-scheduling-timeseries/outputs/2025-12-05/06-05-46/images_avg/epoch_0_batch_20.png
Saved GIF to /home/ubuntu/diffusion-forcing-scheduling-timeseries/outputs/2025-12-05/06-05-46/images_dist/epoch_0_batch_20.gif
Saved renoise-frequency heatmap to: /home/ubuntu/diffusion-forcing-scheduling-timeseries/outputs/2025-12-05/06-05-46/images_renoise_freq/renoise_freq_epoch_0_batch_20.png
saved a fig in  /home/ubuntu/diffusion-forcing-scheduling-timeseries/outputs/2025-12-05/06-05-46/images_avg/epoch_0_batch_30.png
Saved GIF to /home/ubuntu/diffusion-forcing-scheduling-timeseries/outputs/2025-12-05/06-05-46/images_dist/epoch_0_batch_30.gif
Saved renoise-frequency heatmap to: /home/ubuntu/diffusion-forcing-scheduling-timeseries/outputs/2025-12-05/06-05-46/images_renoise_freq/renoise_freq_epoch_0_batch_30.png
saved a fig in  /home/ubuntu/diffusion-forcing-scheduling-timeseries/outputs/2025-12-05/06-05-46/images_avg/epoch_0_batch_40.png
Saved GIF to /home/ubuntu/diffusion-forcing-scheduling-timeseries/outputs/2025-12-05/06-05-46/images_dist/epoch_0_batch_40.gif
Saved renoise-frequency heatmap to: /home/ubuntu/diffusion-forcing-scheduling-timeseries/outputs/2025-12-05/06-05-46/images_renoise_freq/renoise_freq_epoch_0_batch_40.png
saved a fig in  /home/ubuntu/diffusion-forcing-scheduling-timeseries/outputs/2025-12-05/06-05-46/images_avg/epoch_0_batch_50.png
Saved GIF to /home/ubuntu/diffusion-forcing-scheduling-timeseries/outputs/2025-12-05/06-05-46/images_dist/epoch_0_batch_50.gif
Saved renoise-frequency heatmap to: /home/ubuntu/diffusion-forcing-scheduling-timeseries/outputs/2025-12-05/06-05-46/images_renoise_freq/renoise_freq_epoch_0_batch_50.png
saved a fig in  /home/ubuntu/diffusion-forcing-scheduling-timeseries/outputs/2025-12-05/06-05-46/images_avg/epoch_0_batch_60.png
Saved GIF to /home/ubuntu/diffusion-forcing-scheduling-timeseries/outputs/2025-12-05/06-05-46/images_dist/epoch_0_batch_60.gif
Saved renoise-frequency heatmap to: /home/ubuntu/diffusion-forcing-scheduling-timeseries/outputs/2025-12-05/06-05-46/images_renoise_freq/renoise_freq_epoch_0_batch_60.png
saved a fig in  /home/ubuntu/diffusion-forcing-scheduling-timeseries/outputs/2025-12-05/06-05-46/images_avg/epoch_0_batch_70.png
Saved GIF to /home/ubuntu/diffusion-forcing-scheduling-timeseries/outputs/2025-12-05/06-05-46/images_dist/epoch_0_batch_70.gif
Saved renoise-frequency heatmap to: /home/ubuntu/diffusion-forcing-scheduling-timeseries/outputs/2025-12-05/06-05-46/images_renoise_freq/renoise_freq_epoch_0_batch_70.png
saved a fig in  /home/ubuntu/diffusion-forcing-scheduling-timeseries/outputs/2025-12-05/06-05-46/images_avg/epoch_0_batch_80.png
Saved GIF to /home/ubuntu/diffusion-forcing-scheduling-timeseries/outputs/2025-12-05/06-05-46/images_dist/epoch_0_batch_80.gif
Saved renoise-frequency heatmap to: /home/ubuntu/diffusion-forcing-scheduling-timeseries/outputs/2025-12-05/06-05-46/images_renoise_freq/renoise_freq_epoch_0_batch_80.png
saved a fig in  /home/ubuntu/diffusion-forcing-scheduling-timeseries/outputs/2025-12-05/06-05-46/images_avg/epoch_0_batch_90.png
Saved GIF to /home/ubuntu/diffusion-forcing-scheduling-timeseries/outputs/2025-12-05/06-05-46/images_dist/epoch_0_batch_90.gif
Saved renoise-frequency heatmap to: /home/ubuntu/diffusion-forcing-scheduling-timeseries/outputs/2025-12-05/06-05-46/images_renoise_freq/renoise_freq_epoch_0_batch_90.png
Train
End of epoch 0 avg MSE loss:  0.08756505884230137
End of epoch 0 avg total policy loss:  0.04778239481151104
Val
End of epoch 0 CRPS score:  0.058500736951828
End of epoch 0 MSE loss:  0.07728680223226547
End of epoch 0 total policy loss:  -0.035227008163928986

Multiply denoise bonus
saved a fig in  /home/ubuntu/diffusion-forcing-scheduling-timeseries/outputs/2025-12-05/06-05-46/images_avg/epoch_1_batch_0.png
Saved GIF to /home/ubuntu/diffusion-forcing-scheduling-timeseries/outputs/2025-12-05/06-05-46/images_dist/epoch_1_batch_0.gif
Saved renoise-frequency heatmap to: /home/ubuntu/diffusion-forcing-scheduling-timeseries/outputs/2025-12-05/06-05-46/images_renoise_freq/renoise_freq_epoch_1_batch_0.png
saved a fig in  /home/ubuntu/diffusion-forcing-scheduling-timeseries/outputs/2025-12-05/06-05-46/images_avg/epoch_1_batch_10.png
Saved GIF to /home/ubuntu/diffusion-forcing-scheduling-timeseries/outputs/2025-12-05/06-05-46/images_dist/epoch_1_batch_10.gif
Saved renoise-frequency heatmap to: /home/ubuntu/diffusion-forcing-scheduling-timeseries/outputs/2025-12-05/06-05-46/images_renoise_freq/renoise_freq_epoch_1_batch_10.png
saved a fig in  /home/ubuntu/diffusion-forcing-scheduling-timeseries/outputs/2025-12-05/06-05-46/images_avg/epoch_1_batch_20.png
Saved GIF to /home/ubuntu/diffusion-forcing-scheduling-timeseries/outputs/2025-12-05/06-05-46/images_dist/epoch_1_batch_20.gif
Saved renoise-frequency heatmap to: /home/ubuntu/diffusion-forcing-scheduling-timeseries/outputs/2025-12-05/06-05-46/images_renoise_freq/renoise_freq_epoch_1_batch_20.png
saved a fig in  /home/ubuntu/diffusion-forcing-scheduling-timeseries/outputs/2025-12-05/06-05-46/images_avg/epoch_1_batch_30.png
Saved GIF to /home/ubuntu/diffusion-forcing-scheduling-timeseries/outputs/2025-12-05/06-05-46/images_dist/epoch_1_batch_30.gif
Saved renoise-frequency heatmap to: /home/ubuntu/diffusion-forcing-scheduling-timeseries/outputs/2025-12-05/06-05-46/images_renoise_freq/renoise_freq_epoch_1_batch_30.png
saved a fig in  /home/ubuntu/diffusion-forcing-scheduling-timeseries/outputs/2025-12-05/06-05-46/images_avg/epoch_1_batch_40.png
Saved GIF to /home/ubuntu/diffusion-forcing-scheduling-timeseries/outputs/2025-12-05/06-05-46/images_dist/epoch_1_batch_40.gif
Saved renoise-frequency heatmap to: /home/ubuntu/diffusion-forcing-scheduling-timeseries/outputs/2025-12-05/06-05-46/images_renoise_freq/renoise_freq_epoch_1_batch_40.png
saved a fig in  /home/ubuntu/diffusion-forcing-scheduling-timeseries/outputs/2025-12-05/06-05-46/images_avg/epoch_1_batch_50.png
Saved GIF to /home/ubuntu/diffusion-forcing-scheduling-timeseries/outputs/2025-12-05/06-05-46/images_dist/epoch_1_batch_50.gif
Saved renoise-frequency heatmap to: /home/ubuntu/diffusion-forcing-scheduling-timeseries/outputs/2025-12-05/06-05-46/images_renoise_freq/renoise_freq_epoch_1_batch_50.png
saved a fig in  /home/ubuntu/diffusion-forcing-scheduling-timeseries/outputs/2025-12-05/06-05-46/images_avg/epoch_1_batch_60.png
Saved GIF to /home/ubuntu/diffusion-forcing-scheduling-timeseries/outputs/2025-12-05/06-05-46/images_dist/epoch_1_batch_60.gif
Saved renoise-frequency heatmap to: /home/ubuntu/diffusion-forcing-scheduling-timeseries/outputs/2025-12-05/06-05-46/images_renoise_freq/renoise_freq_epoch_1_batch_60.png
saved a fig in  /home/ubuntu/diffusion-forcing-scheduling-timeseries/outputs/2025-12-05/06-05-46/images_avg/epoch_1_batch_70.png
Saved GIF to /home/ubuntu/diffusion-forcing-scheduling-timeseries/outputs/2025-12-05/06-05-46/images_dist/epoch_1_batch_70.gif
Saved renoise-frequency heatmap to: /home/ubuntu/diffusion-forcing-scheduling-timeseries/outputs/2025-12-05/06-05-46/images_renoise_freq/renoise_freq_epoch_1_batch_70.png
saved a fig in  /home/ubuntu/diffusion-forcing-scheduling-timeseries/outputs/2025-12-05/06-05-46/images_avg/epoch_1_batch_80.png
Saved GIF to /home/ubuntu/diffusion-forcing-scheduling-timeseries/outputs/2025-12-05/06-05-46/images_dist/epoch_1_batch_80.gif
Saved renoise-frequency heatmap to: /home/ubuntu/diffusion-forcing-scheduling-timeseries/outputs/2025-12-05/06-05-46/images_renoise_freq/renoise_freq_epoch_1_batch_80.png
saved a fig in  /home/ubuntu/diffusion-forcing-scheduling-timeseries/outputs/2025-12-05/06-05-46/images_avg/epoch_1_batch_90.png
Saved GIF to /home/ubuntu/diffusion-forcing-scheduling-timeseries/outputs/2025-12-05/06-05-46/images_dist/epoch_1_batch_90.gif
Saved renoise-frequency heatmap to: /home/ubuntu/diffusion-forcing-scheduling-timeseries/outputs/2025-12-05/06-05-46/images_renoise_freq/renoise_freq_epoch_1_batch_90.png
Train
End of epoch 1 avg MSE loss:  0.11034463107585907
End of epoch 1 avg total policy loss:  0.04600144028663635
Val
End of epoch 1 CRPS score:  0.0514986515045166
End of epoch 1 MSE loss:  0.10003413259983063
End of epoch 1 total policy loss:  -0.02284177392721176

Multiply denoise bonus
saved a fig in  /home/ubuntu/diffusion-forcing-scheduling-timeseries/outputs/2025-12-05/06-05-46/images_avg/epoch_2_batch_0.png
Saved GIF to /home/ubuntu/diffusion-forcing-scheduling-timeseries/outputs/2025-12-05/06-05-46/images_dist/epoch_2_batch_0.gif
Saved renoise-frequency heatmap to: /home/ubuntu/diffusion-forcing-scheduling-timeseries/outputs/2025-12-05/06-05-46/images_renoise_freq/renoise_freq_epoch_2_batch_0.png
saved a fig in  /home/ubuntu/diffusion-forcing-scheduling-timeseries/outputs/2025-12-05/06-05-46/images_avg/epoch_2_batch_10.png
Saved GIF to /home/ubuntu/diffusion-forcing-scheduling-timeseries/outputs/2025-12-05/06-05-46/images_dist/epoch_2_batch_10.gif
Saved renoise-frequency heatmap to: /home/ubuntu/diffusion-forcing-scheduling-timeseries/outputs/2025-12-05/06-05-46/images_renoise_freq/renoise_freq_epoch_2_batch_10.png
saved a fig in  /home/ubuntu/diffusion-forcing-scheduling-timeseries/outputs/2025-12-05/06-05-46/images_avg/epoch_2_batch_20.png
Saved GIF to /home/ubuntu/diffusion-forcing-scheduling-timeseries/outputs/2025-12-05/06-05-46/images_dist/epoch_2_batch_20.gif
Saved renoise-frequency heatmap to: /home/ubuntu/diffusion-forcing-scheduling-timeseries/outputs/2025-12-05/06-05-46/images_renoise_freq/renoise_freq_epoch_2_batch_20.png
saved a fig in  /home/ubuntu/diffusion-forcing-scheduling-timeseries/outputs/2025-12-05/06-05-46/images_avg/epoch_2_batch_30.png
Saved GIF to /home/ubuntu/diffusion-forcing-scheduling-timeseries/outputs/2025-12-05/06-05-46/images_dist/epoch_2_batch_30.gif
Saved renoise-frequency heatmap to: /home/ubuntu/diffusion-forcing-scheduling-timeseries/outputs/2025-12-05/06-05-46/images_renoise_freq/renoise_freq_epoch_2_batch_30.png
saved a fig in  /home/ubuntu/diffusion-forcing-scheduling-timeseries/outputs/2025-12-05/06-05-46/images_avg/epoch_2_batch_40.png
Saved GIF to /home/ubuntu/diffusion-forcing-scheduling-timeseries/outputs/2025-12-05/06-05-46/images_dist/epoch_2_batch_40.gif
Saved renoise-frequency heatmap to: /home/ubuntu/diffusion-forcing-scheduling-timeseries/outputs/2025-12-05/06-05-46/images_renoise_freq/renoise_freq_epoch_2_batch_40.png
saved a fig in  /home/ubuntu/diffusion-forcing-scheduling-timeseries/outputs/2025-12-05/06-05-46/images_avg/epoch_2_batch_50.png
Saved GIF to /home/ubuntu/diffusion-forcing-scheduling-timeseries/outputs/2025-12-05/06-05-46/images_dist/epoch_2_batch_50.gif
Saved renoise-frequency heatmap to: /home/ubuntu/diffusion-forcing-scheduling-timeseries/outputs/2025-12-05/06-05-46/images_renoise_freq/renoise_freq_epoch_2_batch_50.png
saved a fig in  /home/ubuntu/diffusion-forcing-scheduling-timeseries/outputs/2025-12-05/06-05-46/images_avg/epoch_2_batch_60.png
Saved GIF to /home/ubuntu/diffusion-forcing-scheduling-timeseries/outputs/2025-12-05/06-05-46/images_dist/epoch_2_batch_60.gif
Saved renoise-frequency heatmap to: /home/ubuntu/diffusion-forcing-scheduling-timeseries/outputs/2025-12-05/06-05-46/images_renoise_freq/renoise_freq_epoch_2_batch_60.png
saved a fig in  /home/ubuntu/diffusion-forcing-scheduling-timeseries/outputs/2025-12-05/06-05-46/images_avg/epoch_2_batch_70.png
Saved GIF to /home/ubuntu/diffusion-forcing-scheduling-timeseries/outputs/2025-12-05/06-05-46/images_dist/epoch_2_batch_70.gif
Saved renoise-frequency heatmap to: /home/ubuntu/diffusion-forcing-scheduling-timeseries/outputs/2025-12-05/06-05-46/images_renoise_freq/renoise_freq_epoch_2_batch_70.png
saved a fig in  /home/ubuntu/diffusion-forcing-scheduling-timeseries/outputs/2025-12-05/06-05-46/images_avg/epoch_2_batch_80.png
Saved GIF to /home/ubuntu/diffusion-forcing-scheduling-timeseries/outputs/2025-12-05/06-05-46/images_dist/epoch_2_batch_80.gif
Saved renoise-frequency heatmap to: /home/ubuntu/diffusion-forcing-scheduling-timeseries/outputs/2025-12-05/06-05-46/images_renoise_freq/renoise_freq_epoch_2_batch_80.png
saved a fig in  /home/ubuntu/diffusion-forcing-scheduling-timeseries/outputs/2025-12-05/06-05-46/images_avg/epoch_2_batch_90.png
Saved GIF to /home/ubuntu/diffusion-forcing-scheduling-timeseries/outputs/2025-12-05/06-05-46/images_dist/epoch_2_batch_90.gif
Saved renoise-frequency heatmap to: /home/ubuntu/diffusion-forcing-scheduling-timeseries/outputs/2025-12-05/06-05-46/images_renoise_freq/renoise_freq_epoch_2_batch_90.png
Train
End of epoch 2 avg MSE loss:  0.12205571942031383
End of epoch 2 avg total policy loss:  0.046436576321721074
Val
End of epoch 2 CRPS score:  0.04889541119337082
End of epoch 2 MSE loss:  0.11401963233947754
End of epoch 2 total policy loss:  -0.022034749388694763

Multiply denoise bonus
Test
End CRPS score:  0.04889541119337082
End MSE loss:  0.11401963233947754
End total policy loss:  -0.022034749388694763

